Using pre-set license
Built from '2022.3/staging' branch; Version is '2022.3.16f1 (d2c21f0ef2f1) revision 13812255'; Using compiler version '192829333'; Build Type 'Release'
OS: 'Windows 11  (10.0.26100) 64bit Core' Language: 'en' Physical Memory: 32608 MB
BatchMode: 1, IsHumanControllingUs: 0, StartBugReporterOnCrash: 0, Is64bit: 1, IsPro: 1

COMMAND LINE ARGUMENTS:
C:\Program Files\Unity\Hub\Editor\2022.3.16f1\Editor\Unity.exe
-adb2
-batchMode
-noUpm
-name
AssetImportWorker1
-projectPath
C:/Users/jvish/Paper Plane Pilot
-logFile
Logs/AssetImportWorker1.log
-srvPort
51558
Successfully changed project path to: C:/Users/jvish/Paper Plane Pilot
C:/Users/jvish/Paper Plane Pilot
[UnityMemory] Configuration Parameters - Can be set up in boot.config
    "memorysetup-bucket-allocator-granularity=16"
    "memorysetup-bucket-allocator-bucket-count=8"
    "memorysetup-bucket-allocator-block-size=33554432"
    "memorysetup-bucket-allocator-block-count=8"
    "memorysetup-main-allocator-block-size=16777216"
    "memorysetup-thread-allocator-block-size=16777216"
    "memorysetup-gfx-main-allocator-block-size=16777216"
    "memorysetup-gfx-thread-allocator-block-size=16777216"
    "memorysetup-cache-allocator-block-size=4194304"
    "memorysetup-typetree-allocator-block-size=2097152"
    "memorysetup-profiler-bucket-allocator-granularity=16"
    "memorysetup-profiler-bucket-allocator-bucket-count=8"
    "memorysetup-profiler-bucket-allocator-block-size=33554432"
    "memorysetup-profiler-bucket-allocator-block-count=8"
    "memorysetup-profiler-allocator-block-size=16777216"
    "memorysetup-profiler-editor-allocator-block-size=1048576"
    "memorysetup-temp-allocator-size-main=16777216"
    "memorysetup-job-temp-allocator-block-size=2097152"
    "memorysetup-job-temp-allocator-block-size-background=1048576"
    "memorysetup-job-temp-allocator-reduction-small-platforms=262144"
    "memorysetup-allocator-temp-initial-block-size-main=262144"
    "memorysetup-allocator-temp-initial-block-size-worker=262144"
    "memorysetup-temp-allocator-size-background-worker=32768"
    "memorysetup-temp-allocator-size-job-worker=262144"
    "memorysetup-temp-allocator-size-preload-manager=33554432"
    "memorysetup-temp-allocator-size-nav-mesh-worker=65536"
    "memorysetup-temp-allocator-size-audio-worker=65536"
    "memorysetup-temp-allocator-size-cloud-worker=32768"
    "memorysetup-temp-allocator-size-gi-baking-worker=262144"
    "memorysetup-temp-allocator-size-gfx=262144"
Player connection [56976] Host "[IP] 169.254.83.185 [Port] 0 [Flags] 2 [Guid] 173348784 [EditorId] 173348784 [Version] 1048832 [Id] WindowsEditor(7,Vishok) [Debug] 1 [PackageName] WindowsEditor [ProjectName] Editor" joined multi-casting on [225.0.0.222:54997]...

Player connection [56976] Host "[IP] 169.254.83.185 [Port] 0 [Flags] 2 [Guid] 173348784 [EditorId] 173348784 [Version] 1048832 [Id] WindowsEditor(7,Vishok) [Debug] 1 [PackageName] WindowsEditor [ProjectName] Editor" joined alternative multi-casting on [225.0.0.222:34997]...

[Physics::Module] Initialized MultithreadedJobDispatcher with 23 workers.
Refreshing native plugins compatible for Editor in 10.45 ms, found 4 plugins.
Preloading 0 native plugins for Editor in 0.00 ms.
Initialize engine version: 2022.3.16f1 (d2c21f0ef2f1)
[Subsystems] Discovering subsystems at path C:/Program Files/Unity/Hub/Editor/2022.3.16f1/Editor/Data/Resources/UnitySubsystems
[Subsystems] Discovering subsystems at path C:/Users/jvish/Paper Plane Pilot/Assets
GfxDevice: creating device client; threaded=0; jobified=0
Direct3D:
    Version:  Direct3D 11.0 [level 11.1]
    Renderer: NVIDIA GeForce RTX 4060 Ti (ID=0x2805)
    Vendor:   NVIDIA
    VRAM:     16109 MB
    Driver:   32.0.15.6094
Initialize mono
Mono path[0] = 'C:/Program Files/Unity/Hub/Editor/2022.3.16f1/Editor/Data/Managed'
Mono path[1] = 'C:/Program Files/Unity/Hub/Editor/2022.3.16f1/Editor/Data/MonoBleedingEdge/lib/mono/unityjit-win32'
Mono config path = 'C:/Program Files/Unity/Hub/Editor/2022.3.16f1/Editor/Data/MonoBleedingEdge/etc'
Using monoOptions --debugger-agent=transport=dt_socket,embedding=1,server=y,suspend=n,address=127.0.0.1:56244
Begin MonoManager ReloadAssembly
Registering precompiled unity dll's ...
Register platform support module: C:/Program Files/Unity/Hub/Editor/2022.3.16f1/Editor/Data/PlaybackEngines/WebGLSupport/UnityEditor.WebGL.Extensions.dll
Register platform support module: C:/Program Files/Unity/Hub/Editor/2022.3.16f1/Editor/Data/PlaybackEngines/WindowsStandaloneSupport/UnityEditor.WindowsStandalone.Extensions.dll
Registered in 0.005494 seconds.
- Loaded All Assemblies, in  0.216 seconds
Native extension for WindowsStandalone target not found
Native extension for WebGL target not found
Mono: successfully reloaded assembly
- Finished resetting the current domain, in  0.157 seconds
Domain Reload Profiling: 371ms
	BeginReloadAssembly (68ms)
		ExecutionOrderSort (0ms)
		DisableScriptedObjects (0ms)
		BackupInstance (0ms)
		ReleaseScriptingObjects (0ms)
		CreateAndSetChildDomain (0ms)
	RebuildCommonClasses (21ms)
	RebuildNativeTypeToScriptingClass (6ms)
	initialDomainReloadingComplete (37ms)
	LoadAllAssembliesAndSetupDomain (82ms)
		LoadAssemblies (66ms)
		RebuildTransferFunctionScriptingTraits (0ms)
		AnalyzeDomain (81ms)
			TypeCache.Refresh (80ms)
				TypeCache.ScanAssembly (72ms)
			ScanForSourceGeneratedMonoScriptInfo (0ms)
			ResolveRequiredComponents (0ms)
	FinalizeReload (157ms)
		ReleaseScriptCaches (0ms)
		RebuildScriptCaches (0ms)
		SetupLoadedEditorAssemblies (121ms)
			LogAssemblyErrors (0ms)
			InitializePlatformSupportModulesInManaged (6ms)
			SetLoadedEditorAssemblies (3ms)
			RefreshPlugins (0ms)
			BeforeProcessingInitializeOnLoad (1ms)
			ProcessInitializeOnLoadAttributes (84ms)
			ProcessInitializeOnLoadMethodAttributes (27ms)
			AfterProcessingInitializeOnLoad (0ms)
			EditorAssembliesLoaded (0ms)
		ExecutionOrderSort2 (0ms)
		AwakeInstancesAfterBackupRestoration (0ms)
========================================================================
Worker process is ready to serve import requests
Begin MonoManager ReloadAssembly
TypeRef ResolutionScope not yet handled (218) for .IMergeView in image C:\Users\jvish\Paper Plane Pilot\Library\ScriptAssemblies\Unity.PlasticSCM.Editor.dll
Unloading broken assembly Library/ScriptAssemblies/Unity.PlasticSCM.Editor.dll, this assembly can cause crashes in the runtime
- Loaded All Assemblies, in  0.407 seconds
Refreshing native plugins compatible for Editor in 4.05 ms, found 4 plugins.
Could not load signature of Unity.PlasticSCM.Editor.Gluon.UpdateReport.UpdateReportDialog:ShowUpdateReport due to: Could not resolve type with token 0100006b from typeref (expected class 'Codice.Client.BaseCommands.ErrorMessage' in assembly 'unityplastic, Version=11.0.16.8204, Culture=neutral, PublicKeyToken=a107c9c6e34c8876') assembly:unityplastic, Version=11.0.16.8204, Culture=neutral, PublicKeyToken=a107c9c6e34c8876 type:Codice.Client.BaseCommands.ErrorMessage member:(null)
Could not load signature of Unity.PlasticSCM.Editor.Gluon.UpdateReport.UpdateReportDialog:UpdateUpdateReportList due to: Could not resolve type with token 0100006b from typeref (expected class 'Codice.Client.BaseCommands.ErrorMessage' in assembly 'unityplastic, Version=11.0.16.8204, Culture=neutral, PublicKeyToken=a107c9c6e34c8876') assembly:unityplastic, Version=11.0.16.8204, Culture=neutral, PublicKeyToken=a107c9c6e34c8876 type:Codice.Client.BaseCommands.ErrorMessage member:(null)
Could not load signature of Unity.PlasticSCM.Editor.Gluon.UpdateReport.UpdateReportDialog:GetErrorDetailsText due to: Could not resolve type with token 0100006b from typeref (expected class 'Codice.Client.BaseCommands.ErrorMessage' in assembly 'unityplastic, Version=11.0.16.8204, Culture=neutral, PublicKeyToken=a107c9c6e34c8876') assembly:unityplastic, Version=11.0.16.8204, Culture=neutral, PublicKeyToken=a107c9c6e34c8876 type:Codice.Client.BaseCommands.ErrorMessage member:(null)
Could not load signature of Unity.PlasticSCM.Editor.Gluon.UpdateReport.UpdateReportDialog:DoErrorDetailsTextArea due to: Could not resolve type with token 0100006b from typeref (expected class 'Codice.Client.BaseCommands.ErrorMessage' in assembly 'unityplastic, Version=11.0.16.8204, Culture=neutral, PublicKeyToken=a107c9c6e34c8876') assembly:unityplastic, Version=11.0.16.8204, Culture=neutral, PublicKeyToken=a107c9c6e34c8876 type:Codice.Client.BaseCommands.ErrorMessage member:(null)
Could not load signature of Unity.PlasticSCM.Editor.Gluon.UpdateReport.UpdateReportDialog:Create due to: Could not resolve type with token 0100006b from typeref (expected class 'Codice.Client.BaseCommands.ErrorMessage' in assembly 'unityplastic, Version=11.0.16.8204, Culture=neutral, PublicKeyToken=a107c9c6e34c8876') assembly:unityplastic, Version=11.0.16.8204, Culture=neutral, PublicKeyToken=a107c9c6e34c8876 type:Codice.Client.BaseCommands.ErrorMessage member:(null)
Native extension for WindowsStandalone target not found
Native extension for WebGL target not found
Package Manager log level set to [2]
[Package Manager] Server::EnsureServerProcessIsRunning -- launch failed, reason: Unity was launched with the -noUpm command-line argument
[Package Manager] UpmClient::Send -- Unable to send message (not connected to UPM process).
[Package Manager] Cannot connect to Unity Package Manager local server
Mono: successfully reloaded assembly
- Finished resetting the current domain, in  0.370 seconds
Domain Reload Profiling: 773ms
	BeginReloadAssembly (89ms)
		ExecutionOrderSort (0ms)
		DisableScriptedObjects (3ms)
		BackupInstance (0ms)
		ReleaseScriptingObjects (0ms)
		CreateAndSetChildDomain (13ms)
	RebuildCommonClasses (20ms)
	RebuildNativeTypeToScriptingClass (6ms)
	initialDomainReloadingComplete (29ms)
	LoadAllAssembliesAndSetupDomain (259ms)
		LoadAssemblies (205ms)
		RebuildTransferFunctionScriptingTraits (0ms)
		AnalyzeDomain (106ms)
			TypeCache.Refresh (90ms)
				TypeCache.ScanAssembly (79ms)
			ScanForSourceGeneratedMonoScriptInfo (12ms)
			ResolveRequiredComponents (2ms)
	FinalizeReload (370ms)
		ReleaseScriptCaches (0ms)
		RebuildScriptCaches (0ms)
		SetupLoadedEditorAssemblies (277ms)
			LogAssemblyErrors (0ms)
			InitializePlatformSupportModulesInManaged (4ms)
			SetLoadedEditorAssemblies (3ms)
			RefreshPlugins (0ms)
			BeforeProcessingInitializeOnLoad (44ms)
			ProcessInitializeOnLoadAttributes (198ms)
			ProcessInitializeOnLoadMethodAttributes (21ms)
			AfterProcessingInitializeOnLoad (6ms)
			EditorAssembliesLoaded (0ms)
		ExecutionOrderSort2 (0ms)
		AwakeInstancesAfterBackupRestoration (4ms)
Launched and connected shader compiler UnityShaderCompiler.exe after 0.03 seconds
Refreshing native plugins compatible for Editor in 4.62 ms, found 4 plugins.
Preloading 0 native plugins for Editor in 0.00 ms.
Unloading 4059 Unused Serialized files (Serialized files now loaded: 0)
Unloading 68 unused Assets / (244.4 KB). Loaded Objects now: 4514.
Memory consumption went from 146.1 MB to 145.9 MB.
Total: 2.145000 ms (FindLiveObjects: 0.167600 ms CreateObjectMapping: 0.050000 ms MarkObjects: 1.785500 ms  DeleteObjects: 0.141000 ms)

AssetImportParameters requested are different than current active one (requested -> active):
  custom:container-demuxer-ogg: 62fdf1f143b41e24485cea50d1cbac27 -> 
  custom:scripting/precompiled-assembly-types:Unity.PlasticSCM.Editor: fa07261737969afd534745fdbb5a9ba0 -> 
  custom:video-codec-MediaFoundation-h265: 746d11721c4dcdbdad8f713fa42b33f4 -> 
  custom:video-decoder-ogg-theora: a1e56fd34408186e4bbccfd4996cb3dc -> 
  custom:framework-win-MediaFoundation: 216162199b28c13a410421893ffa2e32 -> 
  custom:CustomObjectIndexerAttribute: 43b350a4d6e6d1791af0b5038c4bea17 -> 
  custom:container-demuxer-webm: 4f35f7cbe854078d1ac9338744f61a02 -> 
  custom:container-muxer-webm: aa71ff27fc2769a1b78a27578f13a17b -> 
  custom:video-decoder-webm-vp8: 9c59270c3fd7afecdb556c50c9e8de78 -> 
  custom:SearchIndexIgnoredProperties: e643bd26f0fe6173181afceb89e7c659 -> 
  custom:AudioImporter_EditorPlatform: d09bf68614088b80899f8185d706f6e7 -> 
  custom:video-encoder-webm-vp8: eb34c28f22e8b96e1ab97ce403110664 -> 
  custom:audio-decoder-ogg-vorbis: bf7c407c2cedff20999df2af8eb42d56 -> 
  custom:audio-encoder-webm-vorbis: bf7c407c2cedff20999df2af8eb42d56 -> 
  custom:scripting/precompiled-assembly-types:unityplastic: 80ce6fce021ee75cb20edaadb7bf11e0 -> 3c30bc2c6029bd937aec52f5f186acab
========================================================================
Received Import Request.
  Time since last request: 765241.295713 seconds.
  path: Packages/com.unity.2d.sprite/package.json
  artifactKey: Guid(7dc5f1e5d04ac8549ac21802071e983b) Importer(815301076,1909f56bfc062723c751e8b465ee728b)
Start importing Packages/com.unity.2d.sprite/package.json using Guid(7dc5f1e5d04ac8549ac21802071e983b) Importer(815301076,1909f56bfc062723c751e8b465ee728b)  -> (artifact id: 'a5b6b471d19d39fec69c0fc8c85ea245') in 0.007601 seconds
Number of updated asset objects reloaded before import = 0
Number of asset objects unloaded after import = 1
========================================================================
Received Import Request.
  Time since last request: 63.989166 seconds.
  path: Assets/AbstractRTSModels/Aircraft2.obj
  artifactKey: Guid(9c32203e6045a79449fb32672ad74928) Importer(815301076,1909f56bfc062723c751e8b465ee728b)
Start importing Assets/AbstractRTSModels/Aircraft2.obj using Guid(9c32203e6045a79449fb32672ad74928) Importer(815301076,1909f56bfc062723c751e8b465ee728b)  -> (artifact id: '9d52277e0a243d94d6214acc92264767') in 0.201855 seconds
Number of updated asset objects reloaded before import = 0
Number of asset objects unloaded after import = 11
========================================================================
Received Import Request.
  Time since last request: 0.221837 seconds.
  path: Assets/AbstractRTSModels/Airport.obj
  artifactKey: Guid(961c1067a99ad684d9fba022666a25ed) Importer(815301076,1909f56bfc062723c751e8b465ee728b)
Start importing Assets/AbstractRTSModels/Airport.obj using Guid(961c1067a99ad684d9fba022666a25ed) Importer(815301076,1909f56bfc062723c751e8b465ee728b)  -> (artifact id: '279bec4999aa24bff2942607ca145168') in 0.013277 seconds
Number of updated asset objects reloaded before import = 0
Number of asset objects unloaded after import = 11
========================================================================
Received Import Request.
  Time since last request: 0.406040 seconds.
  path: Assets/AbstractRTSModels/AntiAirTurret2.obj
  artifactKey: Guid(7d45fa13786f05d42ac1d7ff0b81f9d9) Importer(815301076,1909f56bfc062723c751e8b465ee728b)
Start importing Assets/AbstractRTSModels/AntiAirTurret2.obj using Guid(7d45fa13786f05d42ac1d7ff0b81f9d9) Importer(815301076,1909f56bfc062723c751e8b465ee728b)  -> (artifact id: '9ad723387ac5c8602fda97287374af3f') in 0.015971 seconds
Number of updated asset objects reloaded before import = 0
Number of asset objects unloaded after import = 11
========================================================================
Received Import Request.
  Time since last request: 0.411279 seconds.
  path: Assets/AbstractRTSModels/GroundBlockBig.obj
  artifactKey: Guid(1b891914cd9bf3848a4d00fe58d05007) Importer(815301076,1909f56bfc062723c751e8b465ee728b)
Start importing Assets/AbstractRTSModels/GroundBlockBig.obj using Guid(1b891914cd9bf3848a4d00fe58d05007) Importer(815301076,1909f56bfc062723c751e8b465ee728b)  -> (artifact id: '37e748ecede0db40992181fc2108c993') in 0.014916 seconds
Number of updated asset objects reloaded before import = 0
Number of asset objects unloaded after import = 11
========================================================================
Received Import Request.
  Time since last request: 0.423724 seconds.
  path: Assets/AbstractRTSModels/Player.obj
  artifactKey: Guid(81fab38e8430b754ea070ed793cfa8fc) Importer(815301076,1909f56bfc062723c751e8b465ee728b)
Start importing Assets/AbstractRTSModels/Player.obj using Guid(81fab38e8430b754ea070ed793cfa8fc) Importer(815301076,1909f56bfc062723c751e8b465ee728b)  -> (artifact id: '4c966fc895fa3f932bd24c51181f9a11') in 0.012246 seconds
Number of updated asset objects reloaded before import = 0
Number of asset objects unloaded after import = 11
========================================================================
Received Import Request.
  Time since last request: 0.000014 seconds.
  path: Assets/AbstractRTSModels/Turret1.obj
  artifactKey: Guid(bb85f1d8112d366409302648eddddff5) Importer(815301076,1909f56bfc062723c751e8b465ee728b)
Start importing Assets/AbstractRTSModels/Turret1.obj using Guid(bb85f1d8112d366409302648eddddff5) Importer(815301076,1909f56bfc062723c751e8b465ee728b)  -> (artifact id: 'c539c5da72cb931350a99900e35a93b7') in 0.011476 seconds
Number of updated asset objects reloaded before import = 0
Number of asset objects unloaded after import = 11
========================================================================
Received Import Request.
  Time since last request: 0.000014 seconds.
  path: Assets/AbstractRTSModels/GroundSlope.obj
  artifactKey: Guid(048231c6316503246a6ab4130940c2af) Importer(815301076,1909f56bfc062723c751e8b465ee728b)
Start importing Assets/AbstractRTSModels/GroundSlope.obj using Guid(048231c6316503246a6ab4130940c2af) Importer(815301076,1909f56bfc062723c751e8b465ee728b)  -> (artifact id: '05a51b5f1f4c416a0f4d4d9e77b5db24') in 0.011705 seconds
Number of updated asset objects reloaded before import = 0
Number of asset objects unloaded after import = 11
========================================================================
Received Import Request.
  Time since last request: 0.000012 seconds.
  path: Assets/AbstractRTSModels/Tank3.obj
  artifactKey: Guid(9f7b647fecab1ef49886813ef7d72d7a) Importer(815301076,1909f56bfc062723c751e8b465ee728b)
Start importing Assets/AbstractRTSModels/Tank3.obj using Guid(9f7b647fecab1ef49886813ef7d72d7a) Importer(815301076,1909f56bfc062723c751e8b465ee728b)  -> (artifact id: 'e50ae711149175303a55cac8cbe24add') in 0.011992 seconds
Number of updated asset objects reloaded before import = 0
Number of asset objects unloaded after import = 11
========================================================================
Received Import Request.
  Time since last request: 0.000014 seconds.
  path: Assets/AbstractRTSModels/GroundBlock.obj
  artifactKey: Guid(c09211955290cb34798833f74debc2ec) Importer(815301076,1909f56bfc062723c751e8b465ee728b)
Start importing Assets/AbstractRTSModels/GroundBlock.obj using Guid(c09211955290cb34798833f74debc2ec) Importer(815301076,1909f56bfc062723c751e8b465ee728b)  -> (artifact id: 'a43ae337a22ba6ab7b84532f0ae6da53') in 0.010881 seconds
Number of updated asset objects reloaded before import = 0
Number of asset objects unloaded after import = 11
========================================================================
Received Import Request.
  Time since last request: 0.000013 seconds.
  path: Assets/AbstractRTSModels/AntiAirTank3.obj
  artifactKey: Guid(84999a717d4db9a4194afbc2dc047fbd) Importer(815301076,1909f56bfc062723c751e8b465ee728b)
Start importing Assets/AbstractRTSModels/AntiAirTank3.obj using Guid(84999a717d4db9a4194afbc2dc047fbd) Importer(815301076,1909f56bfc062723c751e8b465ee728b)  -> (artifact id: '5c239acebb6c6512ee41a7546034be85') in 0.012649 seconds
Number of updated asset objects reloaded before import = 0
Number of asset objects unloaded after import = 11
========================================================================
Received Import Request.
  Time since last request: 0.000012 seconds.
  path: Assets/AbstractRTSModels/Tank2.obj
  artifactKey: Guid(d0421cde15cb8024680533b1a31f4e5b) Importer(815301076,1909f56bfc062723c751e8b465ee728b)
Start importing Assets/AbstractRTSModels/Tank2.obj using Guid(d0421cde15cb8024680533b1a31f4e5b) Importer(815301076,1909f56bfc062723c751e8b465ee728b)  -> (artifact id: '1f8fc559004e1bfb8406be1d60fe4e47') in 0.013148 seconds
Number of updated asset objects reloaded before import = 0
Number of asset objects unloaded after import = 11
========================================================================
Received Import Request.
  Time since last request: 0.000013 seconds.
  path: Assets/AbstractRTSModels/Tank1.obj
  artifactKey: Guid(f942a3a40e3135b43b27a56f99dbf732) Importer(815301076,1909f56bfc062723c751e8b465ee728b)
Start importing Assets/AbstractRTSModels/Tank1.obj using Guid(f942a3a40e3135b43b27a56f99dbf732) Importer(815301076,1909f56bfc062723c751e8b465ee728b)  -> (artifact id: '283a3604eb1bdfd8bbcf42641778e127') in 0.011897 seconds
Number of updated asset objects reloaded before import = 0
Number of asset objects unloaded after import = 11
========================================================================
Received Import Request.
  Time since last request: 20.766851 seconds.
  path: Assets/AbstractRTSModels/textures/AirDefense2_diffuse.png
  artifactKey: Guid(6617b6e8fb9e88c4f8f925bcf12caa59) Importer(815301076,1909f56bfc062723c751e8b465ee728b)
Start importing Assets/AbstractRTSModels/textures/AirDefense2_diffuse.png using Guid(6617b6e8fb9e88c4f8f925bcf12caa59) Importer(815301076,1909f56bfc062723c751e8b465ee728b)  -> (artifact id: 'fb997d8714f7918661de31fcc6e450c5') in 0.023690 seconds
Number of updated asset objects reloaded before import = 0
Number of asset objects unloaded after import = 3
========================================================================
Received Import Request.
  Time since last request: 0.000014 seconds.
  path: Assets/AbstractRTSModels/textures/GroundDefense2_diffuse.png
  artifactKey: Guid(48217294db653124d95cf8a00effe359) Importer(815301076,1909f56bfc062723c751e8b465ee728b)
Start importing Assets/AbstractRTSModels/textures/GroundDefense2_diffuse.png using Guid(48217294db653124d95cf8a00effe359) Importer(815301076,1909f56bfc062723c751e8b465ee728b)  -> (artifact id: '3e3a5a1047f87f9fe5fbf9e8f44a6595') in 0.042555 seconds
Number of updated asset objects reloaded before import = 0
Number of asset objects unloaded after import = 3
========================================================================
Received Import Request.
  Time since last request: 0.000011 seconds.
  path: Assets/AbstractRTSModels/textures/GroundDefense1_diffuse.png
  artifactKey: Guid(d56d785a8d8119943ae24f71fb4636dc) Importer(815301076,1909f56bfc062723c751e8b465ee728b)
Start importing Assets/AbstractRTSModels/textures/GroundDefense1_diffuse.png using Guid(d56d785a8d8119943ae24f71fb4636dc) Importer(815301076,1909f56bfc062723c751e8b465ee728b)  -> (artifact id: '397eb911c0d875e03a9880e9a85a5a35') in 0.034145 seconds
Number of updated asset objects reloaded before import = 0
Number of asset objects unloaded after import = 3
========================================================================
Received Import Request.
  Time since last request: 0.000013 seconds.
  path: Assets/AbstractRTSModels/textures/Tank2_diffuse.png
  artifactKey: Guid(9791f37dc255d8d40bb0c67f735d5adc) Importer(815301076,1909f56bfc062723c751e8b465ee728b)
Start importing Assets/AbstractRTSModels/textures/Tank2_diffuse.png using Guid(9791f37dc255d8d40bb0c67f735d5adc) Importer(815301076,1909f56bfc062723c751e8b465ee728b)  -> (artifact id: '1244d9471c12507572d9c06c35253149') in 0.040869 seconds
Number of updated asset objects reloaded before import = 0
Number of asset objects unloaded after import = 3
========================================================================
Received Import Request.
  Time since last request: 0.000013 seconds.
  path: Assets/AbstractRTSModels/textures/GroundBlock_diffuse.png
  artifactKey: Guid(4d9b741ccd5a677448b3aaf4473c3cce) Importer(815301076,1909f56bfc062723c751e8b465ee728b)
Start importing Assets/AbstractRTSModels/textures/GroundBlock_diffuse.png using Guid(4d9b741ccd5a677448b3aaf4473c3cce) Importer(815301076,1909f56bfc062723c751e8b465ee728b)  -> (artifact id: '0264df7cb9acea0271ae58b1952e3053') in 0.023039 seconds
Number of updated asset objects reloaded before import = 0
Number of asset objects unloaded after import = 3
